<?xml version="1.0" encoding="UTF-8"?>
<!-- Generated by org.testng.reporters.JUnitReportReporter -->
<testsuite hostname="Subhams-Laptop.local" failures="0" tests="3" name="FitPeo_Task1.FitPeo_Task1.HomePage_Automation" time="19.499" errors="0" timestamp="2024-08-04T00:34:28 IST" skipped="0">
  <testcase classname="FitPeo_Task1.FitPeo_Task1.HomePage_Automation" name="Rev_Cal_Page" time="12.125"/>
  <testcase classname="FitPeo_Task1.FitPeo_Task1.HomePage_Automation" name="validation1" time="0.015"/>
  <testcase classname="FitPeo_Task1.FitPeo_Task1.HomePage_Automation" name="validation2" time="7.359"/>
</testsuite> <!-- FitPeo_Task1.FitPeo_Task1.HomePage_Automation -->
